Using pre-set license
Built from '2020.3/release' branch; Version is '2020.3.2f1 (8fd9074bf66c) revision 9427207'; Using compiler version '192528614'; Build Type 'Release'
OS: 'Windows 10 Home; OS build 19041.867; Version 2004; 64bit' Language: 'en' Physical Memory: 16200 MB
BatchMode: 1, IsHumanControllingUs: 0, StartBugReporterOnCrash: 0, Is64bit: 1, IsPro: 0

 COMMAND LINE ARGUMENTS:
C:\Program Files\Unity\Hub\Editor\2020.3.2f1\Editor\Unity.exe
-adb2
-batchMode
-noUpm
-name
AssetImportWorker0
-projectPath
C:/Users/samit/Desktop/Uni/Workshop/Workshop SpaceDive/SpaceDive/SpaceDive
-logFile
Logs/AssetImportWorker0.log
-srvPort
58270
Successfully changed project path to: C:/Users/samit/Desktop/Uni/Workshop/Workshop SpaceDive/SpaceDive/SpaceDive
C:/Users/samit/Desktop/Uni/Workshop/Workshop SpaceDive/SpaceDive/SpaceDive
Using Asset Import Pipeline V2.
Refreshing native plugins compatible for Editor in 18.72 ms, found 0 plugins.
Preloading 0 native plugins for Editor in 0.00 ms.
Initialize engine version: 2020.3.2f1 (8fd9074bf66c)
[Subsystems] Discovering subsystems at path C:/Program Files/Unity/Hub/Editor/2020.3.2f1/Editor/Data/Resources/UnitySubsystems
[Subsystems] Discovering subsystems at path C:/Users/samit/Desktop/Uni/Workshop/Workshop SpaceDive/SpaceDive/SpaceDive/Assets
GfxDevice: creating device client; threaded=0
Direct3D:
    Version:  Direct3D 11.0 [level 11.1]
    Renderer: NVIDIA GeForce RTX 2060 (ID=0x1f15)
    Vendor:   
    VRAM:     5980 MB
    Driver:   27.21.14.6589
Initialize mono
Mono path[0] = 'C:/Program Files/Unity/Hub/Editor/2020.3.2f1/Editor/Data/Managed'
Mono path[1] = 'C:/Program Files/Unity/Hub/Editor/2020.3.2f1/Editor/Data/MonoBleedingEdge/lib/mono/unityjit'
Mono config path = 'C:/Program Files/Unity/Hub/Editor/2020.3.2f1/Editor/Data/MonoBleedingEdge/etc'
Using monoOptions --debugger-agent=transport=dt_socket,embedding=1,server=y,suspend=n,address=127.0.0.1:56464
Begin MonoManager ReloadAssembly
Registering precompiled unity dll's ...
Register platform support module: C:/Program Files/Unity/Hub/Editor/2020.3.2f1/Editor/Data/PlaybackEngines/WindowsStandaloneSupport/UnityEditor.WindowsStandalone.Extensions.dll
Registered in 0.001415 seconds.
Native extension for WindowsStandalone target not found
Refreshing native plugins compatible for Editor in 20.15 ms, found 0 plugins.
Preloading 0 native plugins for Editor in 0.00 ms.
Invoked RoslynAnalysisRunner static constructor.
RoslynAnalysisRunner will not be running.
RoslynAnalysisRunner has terminated.
Mono: successfully reloaded assembly
- Completed reload, in  0.858 seconds
Platform modules already initialized, skipping
Registering precompiled user dll's ...
Registered in 0.000470 seconds.
Begin MonoManager ReloadAssembly
Native extension for WindowsStandalone target not found
Refreshing native plugins compatible for Editor in 0.18 ms, found 0 plugins.
Preloading 0 native plugins for Editor in 0.00 ms.
Invoked RoslynAnalysisRunner static constructor.
RoslynAnalysisRunner will not be running.
RoslynAnalysisRunner has terminated.
Mono: successfully reloaded assembly
- Completed reload, in  0.684 seconds
Platform modules already initialized, skipping
========================================================================
Worker process is ready to serve import requests
Launched and connected shader compiler UnityShaderCompiler.exe after 0.03 seconds
Refreshing native plugins compatible for Editor in 0.18 ms, found 0 plugins.
Preloading 0 native plugins for Editor in 0.00 ms.
Unloading 1115 Unused Serialized files (Serialized files now loaded: 0)
System memory in use before: 57.4 MB.
System memory in use after: 57.4 MB.

Unloading 10 unused Assets to reduce memory usage. Loaded Objects now: 1557.
Total: 1.565700 ms (FindLiveObjects: 0.126600 ms CreateObjectMapping: 0.088900 ms MarkObjects: 1.294300 ms  DeleteObjects: 0.055200 ms)

========================================================================
Received Import Request.
  path: Assets/Scripts/Travail_Sami
  artifactKey: Guid(39dd4974843eb8246ba680ab21313282) Importer(815301076,1909f56bfc062723c751e8b465ee728b)
Start importing Assets/Scripts/Travail_Sami using Guid(39dd4974843eb8246ba680ab21313282) Importer(815301076,1909f56bfc062723c751e8b465ee728b)  -> (artifact id: 'b7db47284134c853a3b8d5fccbdc8187') in 0.006883 seconds
  Import took 0.008309 seconds .

========================================================================
Received Import Request.
  Time since last request: 4.708853 seconds.
  path: Assets/Scripts/Travail_Thomas
  artifactKey: Guid(5f6bcdd088359e24ebacbd6d0174cf7b) Importer(815301076,1909f56bfc062723c751e8b465ee728b)
Start importing Assets/Scripts/Travail_Thomas using Guid(5f6bcdd088359e24ebacbd6d0174cf7b) Importer(815301076,1909f56bfc062723c751e8b465ee728b)  -> (artifact id: '6cddc9b79a51d95180464a533470fd60') in 0.006991 seconds
  Import took 0.008965 seconds .

========================================================================
Received Import Request.
  Time since last request: 5.955437 seconds.
  path: Assets/Scripts/Travail_Noah
  artifactKey: Guid(484ecad535a84dd4fb5ddca88e8b8c9a) Importer(815301076,1909f56bfc062723c751e8b465ee728b)
Start importing Assets/Scripts/Travail_Noah using Guid(484ecad535a84dd4fb5ddca88e8b8c9a) Importer(815301076,1909f56bfc062723c751e8b465ee728b)  -> (artifact id: 'ddec57c9c0934101fe9661617beee5e8') in 0.007509 seconds
  Import took 0.009397 seconds .

========================================================================
Received Import Request.
  Time since last request: 3.016415 seconds.
  path: Assets/Scenes
  artifactKey: Guid(9bbfccda20ff7bd40b76bd03b2962e5a) Importer(815301076,1909f56bfc062723c751e8b465ee728b)
Start importing Assets/Scenes using Guid(9bbfccda20ff7bd40b76bd03b2962e5a) Importer(815301076,1909f56bfc062723c751e8b465ee728b)  -> (artifact id: 'd47427d6873fd14a3caf8adc95eefa71') in 0.007615 seconds
  Import took 0.010354 seconds .

========================================================================
Received Import Request.
  Time since last request: 1.484491 seconds.
  path: Assets/Scenes/SampleScene.unity
  artifactKey: Guid(9fc0d4010bbf28b4594072e72b8655ab) Importer(815301076,1909f56bfc062723c751e8b465ee728b)
Start importing Assets/Scenes/SampleScene.unity using Guid(9fc0d4010bbf28b4594072e72b8655ab) Importer(815301076,1909f56bfc062723c751e8b465ee728b)  -> (artifact id: '75076e30b8b84ebf5e20060e44b32f1e') in 0.013159 seconds
  Import took 0.015008 seconds .

========================================================================
Received Import Request.
  Time since last request: 6.945222 seconds.
  path: Assets/Scenes/Travail_Sami.unity
  artifactKey: Guid(9fc0d4010bbf28b4594072e72b8655ab) Importer(815301076,1909f56bfc062723c751e8b465ee728b)
Start importing Assets/Scenes/Travail_Sami.unity using Guid(9fc0d4010bbf28b4594072e72b8655ab) Importer(815301076,1909f56bfc062723c751e8b465ee728b)  -> (artifact id: '6ccd0fd2b9eb8211d83a42443ad4cd51') in 0.006563 seconds
  Import took 0.008691 seconds .

========================================================================
Received Import Request.
  Time since last request: 12.246453 seconds.
  path: Assets/Scenes/Scene_Thomas.unity
  artifactKey: Guid(5369e99592b317d4695a528e0de0c8b3) Importer(815301076,1909f56bfc062723c751e8b465ee728b)
Start importing Assets/Scenes/Scene_Thomas.unity using Guid(5369e99592b317d4695a528e0de0c8b3) Importer(815301076,1909f56bfc062723c751e8b465ee728b)  -> (artifact id: '943275069d568c8a134860e28ba95128') in 0.006666 seconds
  Import took 0.008412 seconds .

========================================================================
Received Import Request.
  Time since last request: 14.307302 seconds.
  path: Assets/Scenes/Scene_Sami.unity
  artifactKey: Guid(9fc0d4010bbf28b4594072e72b8655ab) Importer(815301076,1909f56bfc062723c751e8b465ee728b)
Start importing Assets/Scenes/Scene_Sami.unity using Guid(9fc0d4010bbf28b4594072e72b8655ab) Importer(815301076,1909f56bfc062723c751e8b465ee728b)  -> (artifact id: 'bdf6a7e3d3821be78643f6bca2249e88') in 0.007396 seconds
  Import took 0.009566 seconds .

========================================================================
Received Import Request.
  Time since last request: 7.348557 seconds.
  path: Assets/Scenes/Sami_Scene.unity
  artifactKey: Guid(9fc0d4010bbf28b4594072e72b8655ab) Importer(815301076,1909f56bfc062723c751e8b465ee728b)
Start importing Assets/Scenes/Sami_Scene.unity using Guid(9fc0d4010bbf28b4594072e72b8655ab) Importer(815301076,1909f56bfc062723c751e8b465ee728b)  -> (artifact id: '85d234da54fce7af22a498311ce9024d') in 0.007450 seconds
  Import took 0.009229 seconds .

========================================================================
Received Import Request.
  Time since last request: 4.599980 seconds.
  path: Assets/Scenes/Thomas_Scene.unity
  artifactKey: Guid(5369e99592b317d4695a528e0de0c8b3) Importer(815301076,1909f56bfc062723c751e8b465ee728b)
Start importing Assets/Scenes/Thomas_Scene.unity using Guid(5369e99592b317d4695a528e0de0c8b3) Importer(815301076,1909f56bfc062723c751e8b465ee728b)  -> (artifact id: 'e0645258b8bbc85c7ab2457293558792') in 0.006647 seconds
  Import took 0.008252 seconds .

========================================================================
Received Import Request.
  Time since last request: 19.502090 seconds.
  path: Assets/Scenes/Noah_Scene.unity
  artifactKey: Guid(f60d172de98c4da46bc750d02882cb83) Importer(815301076,1909f56bfc062723c751e8b465ee728b)
Start importing Assets/Scenes/Noah_Scene.unity using Guid(f60d172de98c4da46bc750d02882cb83) Importer(815301076,1909f56bfc062723c751e8b465ee728b)  -> (artifact id: '7e7ffd3fb6c425a0d84ed20cd0ba822a') in 0.006577 seconds
  Import took 0.009030 seconds .

========================================================================
Received Import Request.
  Time since last request: 0.000868 seconds.
  path: Assets/Scenes/Noah_Scene.unity
  artifactKey: Guid(f60d172de98c4da46bc750d02882cb83) Importer(815301076,1909f56bfc062723c751e8b465ee728b)
Start importing Assets/Scenes/Noah_Scene.unity using Guid(f60d172de98c4da46bc750d02882cb83) Importer(815301076,1909f56bfc062723c751e8b465ee728b)  -> (artifact id: '7e7ffd3fb6c425a0d84ed20cd0ba822a') in 0.003047 seconds
  Import took 0.005582 seconds .

========================================================================
Received Import Request.
  Time since last request: 7.779637 seconds.
  path: Assets/Scenes/Lisa_Scene.unity
  artifactKey: Guid(6e0688d6c5568954883995d7159821af) Importer(815301076,1909f56bfc062723c751e8b465ee728b)
Start importing Assets/Scenes/Lisa_Scene.unity using Guid(6e0688d6c5568954883995d7159821af) Importer(815301076,1909f56bfc062723c751e8b465ee728b)  -> (artifact id: '8bd8b9d9830ea76c8e5d5605d9f45611') in 0.007837 seconds
  Import took 0.009751 seconds .

========================================================================
Received Import Request.
  Time since last request: 0.000248 seconds.
  path: Assets/Scenes/Lisa_Scene.unity
  artifactKey: Guid(6e0688d6c5568954883995d7159821af) Importer(815301076,1909f56bfc062723c751e8b465ee728b)
Start importing Assets/Scenes/Lisa_Scene.unity using Guid(6e0688d6c5568954883995d7159821af) Importer(815301076,1909f56bfc062723c751e8b465ee728b)  -> (artifact id: '8bd8b9d9830ea76c8e5d5605d9f45611') in 0.004071 seconds
  Import took 0.006016 seconds .

========================================================================
Received Import Request.
  Time since last request: 8.132684 seconds.
  path: Assets/Scenes/Brian_Scene.unity
  artifactKey: Guid(c6de7756453e7e345b747e4d029ce6e9) Importer(815301076,1909f56bfc062723c751e8b465ee728b)
Start importing Assets/Scenes/Brian_Scene.unity using Guid(c6de7756453e7e345b747e4d029ce6e9) Importer(815301076,1909f56bfc062723c751e8b465ee728b)  -> (artifact id: 'd7a2862b822b53d2165e98fabdb7173a') in 0.007937 seconds
  Import took 0.009570 seconds .

========================================================================
Received Import Request.
  Time since last request: 7.274912 seconds.
  path: Assets/Scenes/Cyril_Scene.unity
  artifactKey: Guid(e17ad481b1b85444aaa5974170631dac) Importer(815301076,1909f56bfc062723c751e8b465ee728b)
Start importing Assets/Scenes/Cyril_Scene.unity using Guid(e17ad481b1b85444aaa5974170631dac) Importer(815301076,1909f56bfc062723c751e8b465ee728b)  -> (artifact id: 'c554b6e3a3f868658f2d97ef417e79fc') in 0.007708 seconds
  Import took 0.009368 seconds .

========================================================================
Received Import Request.
  Time since last request: 0.001945 seconds.
  path: Assets/Scenes/Cyril_Scene.unity
  artifactKey: Guid(e17ad481b1b85444aaa5974170631dac) Importer(815301076,1909f56bfc062723c751e8b465ee728b)
Start importing Assets/Scenes/Cyril_Scene.unity using Guid(e17ad481b1b85444aaa5974170631dac) Importer(815301076,1909f56bfc062723c751e8b465ee728b)  -> (artifact id: 'c554b6e3a3f868658f2d97ef417e79fc') in 0.002801 seconds
  Import took 0.005641 seconds .

========================================================================
Received Import Request.
  Time since last request: 7.174978 seconds.
  path: Assets/Scenes/Antonin_Scene.unity
  artifactKey: Guid(b42fe6464cab10b4bad1aa9b2071a9ec) Importer(815301076,1909f56bfc062723c751e8b465ee728b)
Start importing Assets/Scenes/Antonin_Scene.unity using Guid(b42fe6464cab10b4bad1aa9b2071a9ec) Importer(815301076,1909f56bfc062723c751e8b465ee728b)  -> (artifact id: 'dc7c0c75588be1d7bac8ad183ec02a2c') in 0.007158 seconds
  Import took 0.008798 seconds .

========================================================================
Received Import Request.
  Time since last request: 9.943875 seconds.
  path: Assets/Scenes/GA_Scenes
  artifactKey: Guid(616d0a848d8f191408bafb58ffdbcb48) Importer(815301076,1909f56bfc062723c751e8b465ee728b)
Start importing Assets/Scenes/GA_Scenes using Guid(616d0a848d8f191408bafb58ffdbcb48) Importer(815301076,1909f56bfc062723c751e8b465ee728b)  -> (artifact id: '9b3f101bf9007fb0858a91e454ba5057') in 0.008498 seconds
  Import took 0.010559 seconds .

========================================================================
Received Import Request.
  Time since last request: 0.000506 seconds.
  path: Assets/Scenes/GA_Scenes
  artifactKey: Guid(616d0a848d8f191408bafb58ffdbcb48) Importer(815301076,1909f56bfc062723c751e8b465ee728b)
Start importing Assets/Scenes/GA_Scenes using Guid(616d0a848d8f191408bafb58ffdbcb48) Importer(815301076,1909f56bfc062723c751e8b465ee728b)  -> (artifact id: '9b3f101bf9007fb0858a91e454ba5057') in 0.002986 seconds
  Import took 0.004760 seconds .

========================================================================
Received Import Request.
  Time since last request: 9.643616 seconds.
  path: Assets/Scenes/GD_Scenes
  artifactKey: Guid(7e6ce6c00931ba24980131d14d3ae54d) Importer(815301076,1909f56bfc062723c751e8b465ee728b)
Start importing Assets/Scenes/GD_Scenes using Guid(7e6ce6c00931ba24980131d14d3ae54d) Importer(815301076,1909f56bfc062723c751e8b465ee728b)  -> (artifact id: '8b19ee30d5c66d39e2fad63d9a6a809d') in 0.007134 seconds
  Import took 0.009017 seconds .

========================================================================
Received Import Request.
  Time since last request: 0.000762 seconds.
  path: Assets/Scenes/GD_Scenes
  artifactKey: Guid(7e6ce6c00931ba24980131d14d3ae54d) Importer(815301076,1909f56bfc062723c751e8b465ee728b)
Start importing Assets/Scenes/GD_Scenes using Guid(7e6ce6c00931ba24980131d14d3ae54d) Importer(815301076,1909f56bfc062723c751e8b465ee728b)  -> (artifact id: '8b19ee30d5c66d39e2fad63d9a6a809d') in 0.003009 seconds
  Import took 0.005055 seconds .

AssetImportWorkerClient::OnTransportError - code=2 error=End of file
